

Version:	3.9
CmdLine:	C:\Users\prozhdes\Documents\GitHub\texcel\classes\artifacts\texcel_jar\texcel.exe --l4j-debug
WOW64:		yes
Working dir:	C:\Users\prozhdes\Documents\GitHub\texcel\classes\artifacts\texcel_jar\.
64-bit search:	SOFTWARE\JavaSoft\Java Runtime Environment...
Check:		SOFTWARE\JavaSoft\Java Runtime Environment\1.8
Ignore:		1.8
Check:		SOFTWARE\JavaSoft\Java Runtime Environment\1.8.0_121
Ignore:		1.8.0_121
Check:		SOFTWARE\JavaSoft\Java Runtime Environment\1.8.0_91
Ignore:		1.8.0_091
32-bit search:	SOFTWARE\JavaSoft\Java Runtime Environment...
Check:		SOFTWARE\JavaSoft\Java Runtime Environment\1.8
Ignore:		1.8
Check:		SOFTWARE\JavaSoft\Java Runtime Environment\1.8.0_91
Ignore:		1.8.0_091
64-bit search:	SOFTWARE\JavaSoft\Java Development Kit...
Check:		SOFTWARE\JavaSoft\Java Development Kit\1.8
Ignore:		1.8
Check:		SOFTWARE\JavaSoft\Java Development Kit\1.8.0_121
Ignore:		1.8.0_121
32-bit search:	SOFTWARE\JavaSoft\Java Development Kit...
64-bit search:	SOFTWARE\IBM\Java2 Runtime Environment...
32-bit search:	SOFTWARE\IBM\Java2 Runtime Environment...
64-bit search:	SOFTWARE\IBM\Java Development Kit...
32-bit search:	SOFTWARE\IBM\Java Development Kit...
Error msg:	This application requires a Java Runtime Environment 1.6.0_121 - 1.7.0_91
Open URL:	http://java.com/download


Version:	3.9
CmdLine:	C:\Users\prozhdes\Documents\GitHub\texcel\classes\artifacts\texcel_jar\texcel.exe --l4j-debug
WOW64:		yes
Working dir:	C:\Users\prozhdes\Documents\GitHub\texcel\classes\artifacts\texcel_jar\.
64-bit search:	SOFTWARE\JavaSoft\Java Runtime Environment...
Check:		SOFTWARE\JavaSoft\Java Runtime Environment\1.8
Ignore:		1.8
Check:		SOFTWARE\JavaSoft\Java Runtime Environment\1.8.0_121
Ignore:		1.8.0_121
Check:		SOFTWARE\JavaSoft\Java Runtime Environment\1.8.0_91
Ignore:		1.8.0_091
32-bit search:	SOFTWARE\JavaSoft\Java Runtime Environment...
Check:		SOFTWARE\JavaSoft\Java Runtime Environment\1.8
Ignore:		1.8
Check:		SOFTWARE\JavaSoft\Java Runtime Environment\1.8.0_91
Ignore:		1.8.0_091
64-bit search:	SOFTWARE\JavaSoft\Java Development Kit...
Check:		SOFTWARE\JavaSoft\Java Development Kit\1.8
Ignore:		1.8
Check:		SOFTWARE\JavaSoft\Java Development Kit\1.8.0_121
Ignore:		1.8.0_121
32-bit search:	SOFTWARE\JavaSoft\Java Development Kit...
64-bit search:	SOFTWARE\IBM\Java2 Runtime Environment...
32-bit search:	SOFTWARE\IBM\Java2 Runtime Environment...
64-bit search:	SOFTWARE\IBM\Java Development Kit...
32-bit search:	SOFTWARE\IBM\Java Development Kit...
Error msg:	This application requires a Java Runtime Environment 1.6.0_121 - 1.7.0_91
Open URL:	http://java.com/download


Version:	3.9
CmdLine:	C:\Users\prozhdes\Documents\GitHub\texcel\classes\artifacts\texcel_jar\texcel.exe --l4j-debug
WOW64:		yes
Working dir:	C:\Users\prozhdes\Documents\GitHub\texcel\classes\artifacts\texcel_jar\.
64-bit search:	SOFTWARE\JavaSoft\Java Runtime Environment...
Check:		SOFTWARE\JavaSoft\Java Runtime Environment\1.8
Check launcher:	C:\Program Files\Java\jre1.8.0_121\bin\javaw.exe (OK)
Match:		1.8
Check:		SOFTWARE\JavaSoft\Java Runtime Environment\1.8.0_121
Check launcher:	C:\Program Files\Java\jre1.8.0_121\bin\javaw.exe (OK)
Match:		1.8.0_121
Check:		SOFTWARE\JavaSoft\Java Runtime Environment\1.8.0_91
Ignore:		1.8.0_091
64-bit search:	SOFTWARE\JavaSoft\Java Development Kit...
Check:		SOFTWARE\JavaSoft\Java Development Kit\1.8
Ignore:		1.8
Check:		SOFTWARE\JavaSoft\Java Development Kit\1.8.0_121
Ignore:		1.8.0_121
Runtime used:	1.8.0_121 (64-bit)
Add classpath:	main.Main
Launcher:	C:\Program Files\Java\jre1.8.0_121\bin\javaw.exe
Launcher args:	-classpath "C:\Users\prozhdes\Documents\GitHub\texcel\classes\artifacts\texcel_jar\texcel.exe;main.Main" main.Main
Args length:	114/32768 chars
Exit code:	0
